<?xml version="1.0" encoding="UTF-8"?>
<TestRun id="1bc2c37e-0471-420b-9b2b-55824cd48bf0" name="Addy@ADI 2012-04-25 21:29:51" runUser="ADI\Addy" xmlns="http://microsoft.com/schemas/VisualStudio/TeamTest/2010">
  <TestSettings name="Local" id="a113f6dc-cf38-4137-afae-52c041f59361">
    <Description>These are default test settings for a local test run.</Description>
    <Deployment enabled="false" runDeploymentRoot="Addy_ADI 2012-04-25 21_29_51">
      <DeploymentItem filename="D:\Faculta\LICENTA\Aplicatie\Gestiune\GestiuneBusiness\bin\Debug\GestiuneBusiness.dll" />
    </Deployment>
    <Execution>
      <TestTypeSpecific />
      <AgentRule name="Execution Agents">
      </AgentRule>
    </Execution>
  </TestSettings>
  <Times creation="2012-04-25T21:29:51.4375000+03:00" queuing="2012-04-25T21:30:06.2656250+03:00" start="2012-04-25T21:30:06.5625000+03:00" finish="2012-04-25T21:31:20.1718750+03:00" />
  <ResultSummary outcome="Error">
    <Counters total="1" executed="1" error="0" failed="0" timeout="0" aborted="1" inconclusive="0" passedButRunAborted="0" notRunnable="0" notExecuted="0" disconnected="0" warning="0" passed="0" completed="0" inProgress="0" pending="0" />
    <RunInfos>
      <RunInfo computerName="ADI" outcome="Warning" timestamp="2012-04-25T21:29:53.3750000+03:00">
        <Text>Deployment is currently disabled. The deployment item 'GestiuneBusiness.dll' on test 'TestProjectGestiune.DelegatiDataHelperTest.DelegatiDataHelperConstructorTest' was not deployed.</Text>
      </RunInfo>
      <RunInfo computerName="ADI" outcome="Error" timestamp="2012-04-25T21:31:20.1562500+03:00">
        <Text>Test host process exited unexpectedly.</Text>
      </RunInfo>
    </RunInfos>
  </ResultSummary>
  <TestDefinitions>
    <UnitTest name="DelegatiDataHelperConstructorTest" storage="d:\faculta\licenta\aplicatie\gestiune\testprojectgestiune\bin\debug\testprojectgestiune.dll" id="596de70b-0a46-882b-efeb-e877c8960a70">
      <DeploymentItems>
        <DeploymentItem filename="GestiuneBusiness.dll" />
      </DeploymentItems>
      <Execution id="0a477218-ed97-4e35-8490-0bd661c5edbd" />
      <TestMethod codeBase="D:/Faculta/LICENTA/Aplicatie/Gestiune/TestProjectGestiune/bin/Debug/TestProjectGestiune.DLL" adapterTypeName="Microsoft.VisualStudio.TestTools.TestTypes.Unit.UnitTestAdapter, Microsoft.VisualStudio.QualityTools.Tips.UnitTest.Adapter, Version=10.0.0.0, Culture=neutral, PublicKeyToken=b03f5f7f11d50a3a" className="TestProjectGestiune.DelegatiDataHelperTest, TestProjectGestiune, Version=1.0.0.0, Culture=neutral, PublicKeyToken=null" name="DelegatiDataHelperConstructorTest" />
    </UnitTest>
  </TestDefinitions>
  <TestLists>
    <TestList name="Results Not in a List" id="8c84fa94-04c1-424b-9868-57a2d4851a1d" />
    <TestList name="All Loaded Results" id="19431567-8539-422a-85d7-44ee4e166bda" />
  </TestLists>
  <TestEntries>
    <TestEntry testId="596de70b-0a46-882b-efeb-e877c8960a70" executionId="0a477218-ed97-4e35-8490-0bd661c5edbd" testListId="8c84fa94-04c1-424b-9868-57a2d4851a1d" />
  </TestEntries>
  <Results>
    <UnitTestResult executionId="0a477218-ed97-4e35-8490-0bd661c5edbd" testId="596de70b-0a46-882b-efeb-e877c8960a70" testName="DelegatiDataHelperConstructorTest" computerName="ADI" duration="00:01:13.1093750" startTime="2012-04-25T21:30:07.0625000+03:00" endTime="2012-04-25T21:31:20.1718750+03:00" testType="13cdc9d9-ddb5-4fa4-a97d-d965ccfc6d4b" outcome="Aborted" testListId="8c84fa94-04c1-424b-9868-57a2d4851a1d" relativeResultsDirectory="0a477218-ed97-4e35-8490-0bd661c5edbd">
    </UnitTestResult>
  </Results>
</TestRun>