<?xml version="1.0" encoding="UTF-8"?>
<TestRun id="d171e01d-a58d-4cef-bdf4-12f3fc6b5597" name="Addy@ADI 2012-06-07 01:36:24" runUser="ADI\Addy" xmlns="http://microsoft.com/schemas/VisualStudio/TeamTest/2010">
  <TestSettings name="Local" id="a113f6dc-cf38-4137-afae-52c041f59361">
    <Description>These are default test settings for a local test run.</Description>
    <Deployment enabled="false" runDeploymentRoot="Addy_ADI 2012-06-07 01_36_24">
      <DeploymentItem filename="D:\Faculta\LICENTA\Aplicatie\Gestiune\GestiuneBusiness\bin\Debug\GestiuneBusiness.dll" />
    </Deployment>
    <Execution>
      <TestTypeSpecific />
      <AgentRule name="Execution Agents">
      </AgentRule>
    </Execution>
  </TestSettings>
  <Times creation="2012-06-07T01:36:24.2812500+03:00" queuing="2012-06-07T01:36:33.0156250+03:00" start="2012-06-07T01:36:33.5156250+03:00" finish="2012-06-07T01:36:39.0312500+03:00" />
  <ResultSummary outcome="Completed">
    <Counters total="3" executed="3" passed="3" error="0" failed="0" timeout="0" aborted="0" inconclusive="0" passedButRunAborted="0" notRunnable="0" notExecuted="0" disconnected="0" warning="0" completed="0" inProgress="0" pending="0" />
  </ResultSummary>
  <TestDefinitions>
    <UnitTest name="BancaGetByIdTest" storage="d:\faculta\licenta\aplicatie\gestiune\testprojectgestiune\bin\debug\testprojectgestiune.dll" id="8f80b696-bcaa-8b74-b775-359268e76c02">
      <Execution id="210ccdf0-4b2d-4572-bf44-cdd8a123f24f" />
      <TestMethod codeBase="D:/Faculta/LICENTA/Aplicatie/Gestiune/TestProjectGestiune/bin/Debug/TestProjectGestiune.DLL" adapterTypeName="Microsoft.VisualStudio.TestTools.TestTypes.Unit.UnitTestAdapter, Microsoft.VisualStudio.QualityTools.Tips.UnitTest.Adapter, Version=10.0.0.0, Culture=neutral, PublicKeyToken=b03f5f7f11d50a3a" className="TestProjectGestiune.BancaTest, TestProjectGestiune, Version=1.0.0.0, Culture=neutral, PublicKeyToken=null" name="BancaGetByIdTest" />
    </UnitTest>
    <UnitTest name="BancaGetAllTest" storage="d:\faculta\licenta\aplicatie\gestiune\testprojectgestiune\bin\debug\testprojectgestiune.dll" id="0a2769f9-6043-c404-028f-84d7ce2b15c9">
      <Execution id="6f73e341-73f0-4c80-9ade-d2a061358b98" />
      <TestMethod codeBase="D:/Faculta/LICENTA/Aplicatie/Gestiune/TestProjectGestiune/bin/Debug/TestProjectGestiune.DLL" adapterTypeName="Microsoft.VisualStudio.TestTools.TestTypes.Unit.UnitTestAdapter, Microsoft.VisualStudio.QualityTools.Tips.UnitTest.Adapter, Version=10.0.0.0, Culture=neutral, PublicKeyToken=b03f5f7f11d50a3a" className="TestProjectGestiune.BancaTest, TestProjectGestiune, Version=1.0.0.0, Culture=neutral, PublicKeyToken=null" name="BancaGetAllTest" />
    </UnitTest>
    <UnitTest name="BancaSaveTest" storage="d:\faculta\licenta\aplicatie\gestiune\testprojectgestiune\bin\debug\testprojectgestiune.dll" id="2ab7a61c-ea85-0381-06b8-9dda85520051">
      <Execution id="c6d22856-bb20-45dc-a6bb-7578960105ea" />
      <TestMethod codeBase="D:/Faculta/LICENTA/Aplicatie/Gestiune/TestProjectGestiune/bin/Debug/TestProjectGestiune.DLL" adapterTypeName="Microsoft.VisualStudio.TestTools.TestTypes.Unit.UnitTestAdapter, Microsoft.VisualStudio.QualityTools.Tips.UnitTest.Adapter, Version=10.0.0.0, Culture=neutral, PublicKeyToken=b03f5f7f11d50a3a" className="TestProjectGestiune.BancaTest, TestProjectGestiune, Version=1.0.0.0, Culture=neutral, PublicKeyToken=null" name="BancaSaveTest" />
    </UnitTest>
  </TestDefinitions>
  <TestLists>
    <TestList name="Results Not in a List" id="8c84fa94-04c1-424b-9868-57a2d4851a1d" />
    <TestList name="All Loaded Results" id="19431567-8539-422a-85d7-44ee4e166bda" />
  </TestLists>
  <TestEntries>
    <TestEntry testId="0a2769f9-6043-c404-028f-84d7ce2b15c9" executionId="6f73e341-73f0-4c80-9ade-d2a061358b98" testListId="8c84fa94-04c1-424b-9868-57a2d4851a1d" />
    <TestEntry testId="2ab7a61c-ea85-0381-06b8-9dda85520051" executionId="c6d22856-bb20-45dc-a6bb-7578960105ea" testListId="8c84fa94-04c1-424b-9868-57a2d4851a1d" />
    <TestEntry testId="8f80b696-bcaa-8b74-b775-359268e76c02" executionId="210ccdf0-4b2d-4572-bf44-cdd8a123f24f" testListId="8c84fa94-04c1-424b-9868-57a2d4851a1d" />
  </TestEntries>
  <Results>
    <UnitTestResult executionId="6f73e341-73f0-4c80-9ade-d2a061358b98" testId="0a2769f9-6043-c404-028f-84d7ce2b15c9" testName="BancaGetAllTest" computerName="ADI" duration="00:00:01.1145807" startTime="2012-06-07T01:36:33.7968750+03:00" endTime="2012-06-07T01:36:36.9218750+03:00" testType="13cdc9d9-ddb5-4fa4-a97d-d965ccfc6d4b" outcome="Passed" testListId="8c84fa94-04c1-424b-9868-57a2d4851a1d" relativeResultsDirectory="6f73e341-73f0-4c80-9ade-d2a061358b98">
    </UnitTestResult>
    <UnitTestResult executionId="c6d22856-bb20-45dc-a6bb-7578960105ea" testId="2ab7a61c-ea85-0381-06b8-9dda85520051" testName="BancaSaveTest" computerName="ADI" duration="00:00:00.2573268" startTime="2012-06-07T01:36:36.9218750+03:00" endTime="2012-06-07T01:36:37.1875000+03:00" testType="13cdc9d9-ddb5-4fa4-a97d-d965ccfc6d4b" outcome="Passed" testListId="8c84fa94-04c1-424b-9868-57a2d4851a1d" relativeResultsDirectory="c6d22856-bb20-45dc-a6bb-7578960105ea">
    </UnitTestResult>
    <UnitTestResult executionId="210ccdf0-4b2d-4572-bf44-cdd8a123f24f" testId="8f80b696-bcaa-8b74-b775-359268e76c02" testName="BancaGetByIdTest" computerName="ADI" duration="00:00:00.1547428" startTime="2012-06-07T01:36:37.2031250+03:00" endTime="2012-06-07T01:36:37.3593750+03:00" testType="13cdc9d9-ddb5-4fa4-a97d-d965ccfc6d4b" outcome="Passed" testListId="8c84fa94-04c1-424b-9868-57a2d4851a1d" relativeResultsDirectory="210ccdf0-4b2d-4572-bf44-cdd8a123f24f">
    </UnitTestResult>
  </Results>
</TestRun>