<?xml version="1.0" encoding="UTF-8"?>
<TestRun id="6a3a7e58-8ca3-491e-8bd3-d0416cc5a45d" name="Addy@ADI 2012-06-03 13:58:44" runUser="ADI\Addy" xmlns="http://microsoft.com/schemas/VisualStudio/TeamTest/2010">
  <TestSettings name="Local" id="a113f6dc-cf38-4137-afae-52c041f59361">
    <Description>These are default test settings for a local test run.</Description>
    <Deployment enabled="false" runDeploymentRoot="Addy_ADI 2012-06-03 13_58_44">
      <DeploymentItem filename="D:\Faculta\LICENTA\Aplicatie\Gestiune\GestiuneBusiness\bin\Debug\GestiuneBusiness.dll" />
    </Deployment>
    <Execution>
      <TestTypeSpecific />
      <AgentRule name="Execution Agents">
      </AgentRule>
    </Execution>
  </TestSettings>
  <Times creation="2012-06-03T13:58:44.8281250+03:00" queuing="2012-06-03T13:58:48.8750000+03:00" start="2012-06-03T13:58:49.3281250+03:00" finish="2012-06-03T13:58:53.8125000+03:00" />
  <ResultSummary outcome="Completed">
    <Counters total="2" executed="2" passed="2" error="0" failed="0" timeout="0" aborted="0" inconclusive="0" passedButRunAborted="0" notRunnable="0" notExecuted="0" disconnected="0" warning="0" completed="0" inProgress="0" pending="0" />
  </ResultSummary>
  <TestDefinitions>
    <UnitTest name="BancaSaveTest" storage="d:\faculta\licenta\aplicatie\gestiune\testprojectgestiune\bin\debug\testprojectgestiune.dll" id="2ab7a61c-ea85-0381-06b8-9dda85520051">
      <Execution id="fe830627-44b8-4ce6-be51-bd01e0f347c7" />
      <TestMethod codeBase="D:/Faculta/LICENTA/Aplicatie/Gestiune/TestProjectGestiune/bin/Debug/TestProjectGestiune.DLL" adapterTypeName="Microsoft.VisualStudio.TestTools.TestTypes.Unit.UnitTestAdapter, Microsoft.VisualStudio.QualityTools.Tips.UnitTest.Adapter, Version=10.0.0.0, Culture=neutral, PublicKeyToken=b03f5f7f11d50a3a" className="TestProjectGestiune.BancaTest, TestProjectGestiune, Version=1.0.0.0, Culture=neutral, PublicKeyToken=null" name="BancaSaveTest" />
    </UnitTest>
    <UnitTest name="BancaGetAllTest" storage="d:\faculta\licenta\aplicatie\gestiune\testprojectgestiune\bin\debug\testprojectgestiune.dll" id="0a2769f9-6043-c404-028f-84d7ce2b15c9">
      <Execution id="8b992eff-421c-4a55-86ba-a17918be4550" />
      <TestMethod codeBase="D:/Faculta/LICENTA/Aplicatie/Gestiune/TestProjectGestiune/bin/Debug/TestProjectGestiune.DLL" adapterTypeName="Microsoft.VisualStudio.TestTools.TestTypes.Unit.UnitTestAdapter, Microsoft.VisualStudio.QualityTools.Tips.UnitTest.Adapter, Version=10.0.0.0, Culture=neutral, PublicKeyToken=b03f5f7f11d50a3a" className="TestProjectGestiune.BancaTest, TestProjectGestiune, Version=1.0.0.0, Culture=neutral, PublicKeyToken=null" name="BancaGetAllTest" />
    </UnitTest>
  </TestDefinitions>
  <TestLists>
    <TestList name="Results Not in a List" id="8c84fa94-04c1-424b-9868-57a2d4851a1d" />
    <TestList name="All Loaded Results" id="19431567-8539-422a-85d7-44ee4e166bda" />
  </TestLists>
  <TestEntries>
    <TestEntry testId="0a2769f9-6043-c404-028f-84d7ce2b15c9" executionId="8b992eff-421c-4a55-86ba-a17918be4550" testListId="8c84fa94-04c1-424b-9868-57a2d4851a1d" />
    <TestEntry testId="2ab7a61c-ea85-0381-06b8-9dda85520051" executionId="fe830627-44b8-4ce6-be51-bd01e0f347c7" testListId="8c84fa94-04c1-424b-9868-57a2d4851a1d" />
  </TestEntries>
  <Results>
    <UnitTestResult executionId="8b992eff-421c-4a55-86ba-a17918be4550" testId="0a2769f9-6043-c404-028f-84d7ce2b15c9" testName="BancaGetAllTest" computerName="ADI" duration="00:00:00.8112919" startTime="2012-06-03T13:58:49.5625000+03:00" endTime="2012-06-03T13:58:51.8906250+03:00" testType="13cdc9d9-ddb5-4fa4-a97d-d965ccfc6d4b" outcome="Passed" testListId="8c84fa94-04c1-424b-9868-57a2d4851a1d" relativeResultsDirectory="8b992eff-421c-4a55-86ba-a17918be4550">
    </UnitTestResult>
    <UnitTestResult executionId="fe830627-44b8-4ce6-be51-bd01e0f347c7" testId="2ab7a61c-ea85-0381-06b8-9dda85520051" testName="BancaSaveTest" computerName="ADI" duration="00:00:00.0454594" startTime="2012-06-03T13:58:51.8906250+03:00" endTime="2012-06-03T13:58:51.9531250+03:00" testType="13cdc9d9-ddb5-4fa4-a97d-d965ccfc6d4b" outcome="Passed" testListId="8c84fa94-04c1-424b-9868-57a2d4851a1d" relativeResultsDirectory="fe830627-44b8-4ce6-be51-bd01e0f347c7">
    </UnitTestResult>
  </Results>
</TestRun>