<?xml version="1.0" encoding="UTF-8"?>
<TestRun id="dc7a1e31-4767-4f53-9da3-e4b47de156ed" name="Addy@ADI 2012-06-03 17:08:58" runUser="ADI\Addy" xmlns="http://microsoft.com/schemas/VisualStudio/TeamTest/2010">
  <TestSettings name="Local" id="a113f6dc-cf38-4137-afae-52c041f59361">
    <Description>These are default test settings for a local test run.</Description>
    <Deployment enabled="false" runDeploymentRoot="Addy_ADI 2012-06-03 17_08_58">
      <DeploymentItem filename="D:\Faculta\LICENTA\Aplicatie\Gestiune\GestiuneBusiness\bin\Debug\GestiuneBusiness.dll" />
    </Deployment>
    <Execution>
      <TestTypeSpecific />
      <AgentRule name="Execution Agents">
      </AgentRule>
    </Execution>
  </TestSettings>
  <Times creation="2012-06-03T17:08:58.6093750+03:00" queuing="2012-06-03T17:09:08.5781250+03:00" start="2012-06-03T17:09:09.3281250+03:00" finish="2012-06-03T17:09:34.7031250+03:00" />
  <ResultSummary outcome="Completed">
    <Counters total="1" executed="1" passed="1" error="0" failed="0" timeout="0" aborted="0" inconclusive="0" passedButRunAborted="0" notRunnable="0" notExecuted="0" disconnected="0" warning="0" completed="0" inProgress="0" pending="0" />
  </ResultSummary>
  <TestDefinitions>
    <UnitTest name="BancaGetByIdTest" storage="d:\faculta\licenta\aplicatie\gestiune\testprojectgestiune\bin\debug\testprojectgestiune.dll" id="8f80b696-bcaa-8b74-b775-359268e76c02">
      <Execution id="97923bd7-52cd-478e-bbbd-8ec7149f92ad" />
      <TestMethod codeBase="D:/Faculta/LICENTA/Aplicatie/Gestiune/TestProjectGestiune/bin/Debug/TestProjectGestiune.DLL" adapterTypeName="Microsoft.VisualStudio.TestTools.TestTypes.Unit.UnitTestAdapter, Microsoft.VisualStudio.QualityTools.Tips.UnitTest.Adapter, Version=10.0.0.0, Culture=neutral, PublicKeyToken=b03f5f7f11d50a3a" className="TestProjectGestiune.BancaTest, TestProjectGestiune, Version=1.0.0.0, Culture=neutral, PublicKeyToken=null" name="BancaGetByIdTest" />
    </UnitTest>
  </TestDefinitions>
  <TestLists>
    <TestList name="Results Not in a List" id="8c84fa94-04c1-424b-9868-57a2d4851a1d" />
    <TestList name="All Loaded Results" id="19431567-8539-422a-85d7-44ee4e166bda" />
  </TestLists>
  <TestEntries>
    <TestEntry testId="8f80b696-bcaa-8b74-b775-359268e76c02" executionId="97923bd7-52cd-478e-bbbd-8ec7149f92ad" testListId="8c84fa94-04c1-424b-9868-57a2d4851a1d" />
  </TestEntries>
  <Results>
    <UnitTestResult executionId="97923bd7-52cd-478e-bbbd-8ec7149f92ad" testId="8f80b696-bcaa-8b74-b775-359268e76c02" testName="BancaGetByIdTest" computerName="ADI" duration="00:00:22.5150224" startTime="2012-06-03T17:09:09.6562500+03:00" endTime="2012-06-03T17:09:34.1250000+03:00" testType="13cdc9d9-ddb5-4fa4-a97d-d965ccfc6d4b" outcome="Passed" testListId="8c84fa94-04c1-424b-9868-57a2d4851a1d" relativeResultsDirectory="97923bd7-52cd-478e-bbbd-8ec7149f92ad">
    </UnitTestResult>
  </Results>
</TestRun>