<?xml version="1.0" encoding="UTF-8"?>
<TestRun id="6f89f522-8d6e-49cd-ae86-eafbde45e81c" name="Addy@ADI 2012-06-03 13:48:11" runUser="ADI\Addy" xmlns="http://microsoft.com/schemas/VisualStudio/TeamTest/2010">
  <TestSettings name="Local" id="a113f6dc-cf38-4137-afae-52c041f59361">
    <Description>These are default test settings for a local test run.</Description>
    <Deployment enabled="false" runDeploymentRoot="Addy_ADI 2012-06-03 13_48_11">
      <DeploymentItem filename="D:\Faculta\LICENTA\Aplicatie\Gestiune\GestiuneBusiness\bin\Debug\GestiuneBusiness.dll" />
    </Deployment>
    <Execution>
      <TestTypeSpecific />
      <AgentRule name="Execution Agents">
      </AgentRule>
    </Execution>
  </TestSettings>
  <Times creation="2012-06-03T13:48:11.3593750+03:00" queuing="2012-06-03T13:48:18.8593750+03:00" start="2012-06-03T13:48:19.2968750+03:00" finish="2012-06-03T13:49:31.5937500+03:00" />
  <ResultSummary outcome="Error">
    <Counters total="2" executed="2" error="0" failed="1" timeout="0" aborted="1" inconclusive="0" passedButRunAborted="0" notRunnable="0" notExecuted="0" disconnected="0" warning="0" passed="0" completed="0" inProgress="0" pending="0" />
    <RunInfos>
      <RunInfo computerName="ADI" outcome="Error" timestamp="2012-06-03T13:49:31.5937500+03:00">
        <Text>Test host process exited unexpectedly.</Text>
      </RunInfo>
    </RunInfos>
  </ResultSummary>
  <TestDefinitions>
    <UnitTest name="BancaSaveTest" storage="d:\faculta\licenta\aplicatie\gestiune\testprojectgestiune\bin\debug\testprojectgestiune.dll" id="2ab7a61c-ea85-0381-06b8-9dda85520051">
      <Execution id="91f1b18e-4e0c-4f78-8ba5-fad734dd0094" />
      <TestMethod codeBase="D:/Faculta/LICENTA/Aplicatie/Gestiune/TestProjectGestiune/bin/Debug/TestProjectGestiune.DLL" adapterTypeName="Microsoft.VisualStudio.TestTools.TestTypes.Unit.UnitTestAdapter, Microsoft.VisualStudio.QualityTools.Tips.UnitTest.Adapter, Version=10.0.0.0, Culture=neutral, PublicKeyToken=b03f5f7f11d50a3a" className="TestProjectGestiune.BancaTest, TestProjectGestiune, Version=1.0.0.0, Culture=neutral, PublicKeyToken=null" name="BancaSaveTest" />
    </UnitTest>
    <UnitTest name="BancaGetAllTest" storage="d:\faculta\licenta\aplicatie\gestiune\testprojectgestiune\bin\debug\testprojectgestiune.dll" id="0a2769f9-6043-c404-028f-84d7ce2b15c9">
      <Execution id="e561579b-fa8f-454f-9167-fb1f55102fad" />
      <TestMethod codeBase="D:/Faculta/LICENTA/Aplicatie/Gestiune/TestProjectGestiune/bin/Debug/TestProjectGestiune.DLL" adapterTypeName="Microsoft.VisualStudio.TestTools.TestTypes.Unit.UnitTestAdapter, Microsoft.VisualStudio.QualityTools.Tips.UnitTest.Adapter, Version=10.0.0.0, Culture=neutral, PublicKeyToken=b03f5f7f11d50a3a" className="TestProjectGestiune.BancaTest, TestProjectGestiune, Version=1.0.0.0, Culture=neutral, PublicKeyToken=null" name="BancaGetAllTest" />
    </UnitTest>
  </TestDefinitions>
  <TestLists>
    <TestList name="Results Not in a List" id="8c84fa94-04c1-424b-9868-57a2d4851a1d" />
    <TestList name="All Loaded Results" id="19431567-8539-422a-85d7-44ee4e166bda" />
  </TestLists>
  <TestEntries>
    <TestEntry testId="0a2769f9-6043-c404-028f-84d7ce2b15c9" executionId="e561579b-fa8f-454f-9167-fb1f55102fad" testListId="8c84fa94-04c1-424b-9868-57a2d4851a1d" />
    <TestEntry testId="2ab7a61c-ea85-0381-06b8-9dda85520051" executionId="91f1b18e-4e0c-4f78-8ba5-fad734dd0094" testListId="8c84fa94-04c1-424b-9868-57a2d4851a1d" />
  </TestEntries>
  <Results>
    <UnitTestResult executionId="e561579b-fa8f-454f-9167-fb1f55102fad" testId="0a2769f9-6043-c404-028f-84d7ce2b15c9" testName="BancaGetAllTest" computerName="ADI" duration="00:00:14.1207390" startTime="2012-06-03T13:48:19.8593750+03:00" endTime="2012-06-03T13:48:36.2812500+03:00" testType="13cdc9d9-ddb5-4fa4-a97d-d965ccfc6d4b" outcome="Failed" testListId="8c84fa94-04c1-424b-9868-57a2d4851a1d" relativeResultsDirectory="e561579b-fa8f-454f-9167-fb1f55102fad">
      <Output>
        <ErrorInfo>
          <Message>Assert.AreEqual failed. Expected:&lt;(null)&gt;. Actual:&lt;System.Collections.Generic.List`1[GestiuneBusiness.Poco.Banca]&gt;. </Message>
          <StackTrace>   at TestProjectGestiune.BancaTest.BancaGetAllTest() in D:\Faculta\LICENTA\Aplicatie\Gestiune\TestProjectGestiune\BancaTest.cs:line 97
</StackTrace>
        </ErrorInfo>
      </Output>
    </UnitTestResult>
    <UnitTestResult executionId="91f1b18e-4e0c-4f78-8ba5-fad734dd0094" testId="2ab7a61c-ea85-0381-06b8-9dda85520051" testName="BancaSaveTest" computerName="ADI" duration="00:00:55.2812500" startTime="2012-06-03T13:48:36.3125000+03:00" endTime="2012-06-03T13:49:31.5937500+03:00" testType="13cdc9d9-ddb5-4fa4-a97d-d965ccfc6d4b" outcome="Aborted" testListId="8c84fa94-04c1-424b-9868-57a2d4851a1d" relativeResultsDirectory="91f1b18e-4e0c-4f78-8ba5-fad734dd0094">
    </UnitTestResult>
  </Results>
</TestRun>